         w __deregister_frame_info
         w __register_frame_info
         w _ITM_deregisterTMCloneTable
         w _ITM_registerTMCloneTable
00000000 b .LANCHOR1
00000000 00000401 b __fixedpath
00000000 b _TLS_MODULE_BASE_
00000000 a shift
00000000 a shift
00000404 b .LANCHOR3
00000404 00000802 b __utf16path
00000c08 b .LANCHOR5
00000c08 00000802 b __utf16path_old.8583
00100000 A __start__
00100000 T _start
00100008 T __service_ptr
0010000c T __apt_appid
00100010 T __heap_size
00100014 T __linear_heap_size
00100018 T __system_arglist
0010001c T __system_runflags
00100020 t startup
00100058 t ClearMem
0010006c t ClrLoop
00100094 T _init
001000ac T initSystem
001000f0 T __ctru_exit
00100110 T __aeabi_idiv
00100110 00000220 T __divsi3
00100118 t .divsi3_skip_div0_test
00100330 00000020 T __aeabi_idivmod
00100350 00000004 W __aeabi_idiv0
00100350 00000004 W __aeabi_ldiv0
00100354 T __aeabi_uldivmod
001003a8 00000390 T strcmp
00100730 t .udivsi3_skip_div0_test
00100730 T __aeabi_uidiv
00100730 000001ec T __udivsi3
0010091c 00000020 T __aeabi_uidivmod
0010093c T __aeabi_drsub
00100944 000002b0 T __aeabi_dsub
00100944 000002b0 T __subdf3
00100948 000002ac T __adddf3
00100948 000002ac T __aeabi_dadd
00100bf4 00000024 T __aeabi_ui2d
00100bf4 00000024 T __floatunsidf
00100c18 00000028 T __aeabi_i2d
00100c18 00000028 T __floatsidf
00100c40 00000048 T __aeabi_f2d
00100c40 00000048 T __extendsfdf2
00100c88 00000074 T __aeabi_ul2d
00100c88 00000074 T __floatundidf
00100c9c 00000060 T __aeabi_l2d
00100c9c 00000060 T __floatdidf
00100cfc t deregister_tm_clones
00100d28 t register_tm_clones
00100d60 t __do_global_dtors_aux
00100da4 t frame_dummy
00100dd8 000000a4 T main
00100e7c 000001b8 T consoleDrawChar
00101034 00000124 T consolePrintChar
00101158 0000015c t consoleCls
001012b4 00000104 T consoleInit
001013b8 0000010c t consoleClearLine
001014c4 000000c4 t newRow
00101588 000007cc T con_write
00101d54 0000008c t gfxSetFramebufferInfo.part.0
00101de0 0000006c t gfxSetFramebufferInfo
00101e4c 00000058 t gfxGetFramebuffer.part.0
00101ea4 00000018 T __get_bytes_per_pixel
00101ebc 00000184 T gfxSetScreenFormat
00102040 00000010 T gfxSetDoubleBuffering
00102050 00000214 T gfxInit
00102264 00000010 T gfxInitDefault
00102274 000000e0 T gfxExit
00102354 00000064 T gfxGetFramebuffer
001023b8 000000cc T gfxFlushBuffers
00102484 000000f4 T gfxConfigScreen
00102578 00000020 T gfxSwapBuffers
00102598 00000020 T gfxSwapBuffersGpu
001025b8 00000074 T gspInit
0010262c 0000003c T gspExit
00102668 000000a4 T gspInitEventHandler
0010270c 00000040 T gspExitEventHandler
0010274c 00000050 T gspWaitForEvent
0010279c 00000004 W gxCmdQueueInterrupt
001027a0 00000178 t gspEventThreadMain
00102918 0000006c T GSPGPU_SetBufferSwap
00102984 0000004c T GSPGPU_FlushDataCache
001029d0 00000034 T GSPGPU_SetLcdForceBlack
00102a04 00000064 T GSPGPU_RegisterInterruptRelayQueue
00102a68 0000002c T GSPGPU_UnregisterInterruptRelayQueue
00102a94 00000048 T GSPGPU_AcquireRight
00102adc 0000002c T GSPGPU_ReleaseRight
00102b08 00000080 T GSPGPU_ImportDisplayCaptureInfo
00102b88 0000002c T GSPGPU_SaveVramSysArea
00102bb4 0000002c T GSPGPU_RestoreVramSysArea
00102be0 00000004 W _aptDebug
00102be4 00000170 T aptSendCommand
00102d54 0000003c t aptExitProcess
00102d90 00000050 T APT_InquireNotification
00102de0 00000194 t aptEventHandler
00102f74 00000074 T APT_AppletUtility
00102fe8 000000b0 T aptSetSleepAllowed
00103098 000000b4 T APT_GlanceParameter
0010314c 000000c8 T APT_ReceiveParameter
00103214 000000bc t aptReceiveParameter.constprop.0
001032d0 000001e0 t aptScreenTransfer
001034b0 00000210 t aptWaitForWakeUp
001036c0 00000070 T APT_CancelParameter
00103730 0000025c T aptInit
0010398c 00000088 t aptClearParamQueue
00103a14 00000264 T aptMainLoop
00103c78 00000254 T aptExit
00103ecc 0000007c T APT_CheckNew3DS
00103f48 00000028 t hidCheckSectionUpdateTime.part.0
00103f70 000000d0 T hidExit
00104040 000001d8 T hidScanInput
00104218 00000010 T hidKeysDown
00104228 00000018 T hidTouchRead
00104240 00000090 T HIDUSER_GetHandles
001042d0 000001a4 T hidInit
00104474 00000038 W __libctru_init
001044ac 00000034 t __libctru_nanosleep
001044e0 00000030 t __ctru_get_reent
00104510 000000fc T __system_initSyscalls
0010460c 00000100 W __system_allocateHeaps
0010470c 000000f0 T __system_initArgv
001047fc T svcControlMemory
0010481c T svcExitProcess
00104824 T svcCreateThread
00104844 T svcExitThread
0010484c T svcSleepThread
00104854 T svcReleaseMutex
0010485c T svcCreateEvent
00104870 T svcSignalEvent
00104878 T svcClearEvent
00104880 T svcMapMemoryBlock
00104888 T svcUnmapMemoryBlock
00104890 T svcCreateAddressArbiter
001048a4 T svcArbitrateAddress
001048bc T svcCloseHandle
001048c4 T svcWaitSynchronization
001048cc T svcWaitSynchronizationN
001048f4 T svcDuplicateHandle
00104908 T svcGetSystemTick
00104910 T svcGetSystemInfo
00104928 T svcConnectToPort
0010493c T svcSendSyncRequest
00104944 T svcBreak
0010494c 00000024 t addrMapNodeComparator(rbtree_node const*, rbtree_node const*)
00104970 00000004 t addrMapNodeDestructor(rbtree_node*)
00104974 00000114 T vramMemAlign
00104a88 00000008 T vramAlloc
00104a90 00000054 T vramFree
00104ae4 00000024 t addrMapNodeComparator(rbtree_node const*, rbtree_node const*)
00104b08 00000004 t addrMapNodeDestructor(rbtree_node*)
00104b0c 000000e8 T mappableAlloc
00104bf4 00000054 T mappableFree
00104c48 00000024 t addrMapNodeComparator(rbtree_node const*, rbtree_node const*)
00104c6c 00000004 t addrMapNodeDestructor(rbtree_node*)
00104c70 00000124 T linearMemAlign
00104d94 00000008 T linearAlloc
00104d9c 00000054 T linearFree
00104df0 0000008c T MemPool::CoalesceRight(MemBlock*)
00104e7c 00000174 T MemPool::Allocate(MemChunk&, unsigned long, int)
00104ff0 000000fc T MemPool::Deallocate(MemChunk const&)
001050ec 00000038 t LightLock_Unlock.part.0
00105124 0000000c T __sync_init
00105130 00000018 T __sync_fini
00105148 00000010 T __sync_get_arbiter
00105158 00000018 T LightLock_Init
00105170 00000090 T LightLock_Lock
00105200 00000034 T LightLock_TryLock
00105234 00000020 T LightLock_Unlock
00105254 00000024 T RecursiveLock_Init
00105278 00000030 T RecursiveLock_Lock
001052a8 00000058 T RecursiveLock_TryLock
00105300 00000038 T RecursiveLock_Unlock
00105338 00000038 T LightEvent_Init
00105370 0000007c T LightEvent_Clear
001053ec 000000dc T LightEvent_Signal
001054c8 000000c0 T LightEvent_Wait
00105588 00000058 t getSysTime
001055e0 00000028 t __ctru_speedup_config.part.0
00105608 00000024 T osGetMemRegionUsed
00105630 00000128 T __libctru_gtod
00105758 00000018 T __ctru_speedup_config
00105770 00000058 T srvExit
001057c8 00000038 T srvRegisterClient
00105800 000000cc T srvInit
001058cc 00000080 T srvGetServiceHandleDirect
0010594c 00000048 T srvGetServiceHandle
00105994 0000001c t threadFree.part.0
001059b0 00000180 T threadCreate
00105b30 00000024 T threadJoin
00105b54 00000068 T threadExit
00105bbc 00000048 t _thread_begin
00105c04 000000ac T irrstScanInput
00105cb0 00000024 T irrstKeysHeld
00105cd4 00000050 T IRRST_GetHandles
00105d24 00000154 T irrstInit
00105e78 0000002c T IRRST_Shutdown
00105ea4 000000ac T irrstExit
00105f50 0000000c T srvPmGetSessionHandle
00105f5c 00000074 T ptmSysmInit
00105fd0 0000003c T ptmSysmExit
0010600c 00000034 T PTMSYSM_ConfigureNew3DSCPU
00106040 00000014 T rbtree_init
00106054 000001a4 t do_insert
001061f8 00000008 T rbtree_insert
00106200 00000090 T rbtree_rotate
00106290 00000334 T rbtree_remove
001065c4 00000074 T rbtree_find
00106638 0000001c W __appInit
00106654 0000001c W __appExit
00106670 000000a0 W __libctru_exit
00106710 00000084 T envGetHandle
00106794 0000004c T envDestroyHandles
001067e0 00000014 t sdmc_link
001067f4 00000014 t sdmc_dirreset
00106808 00000014 t sdmc_chmod
0010681c 00000024 t error_cmp
00106840 00000050 t sdmc_translate_error
00106890 00000034 t sdmc_fsync
001068c4 00000054 t sdmc_ftruncate
00106918 000000bc t sdmc_statvfs
001069d4 00000038 t sdmc_dirclose
00106a0c 0000013c t sdmc_dirnext
00106b48 00000034 t sdmc_close
00106b7c 00000070 t sdmc_fstat
00106bec 000000d4 t sdmc_seek
00106cc0 00000078 t sdmc_read
00106d38 000000ac t sdmc_write
00106de4 000001b0 t sdmc_utf16path
00106f94 00000074 t sdmc_rmdir
00107008 000000a4 t sdmc_diropen
001070ac 000000ac t sdmc_chdir
00107158 00000098 t sdmc_mkdir
001071f0 00000108 t sdmc_rename
001072f8 00000074 t sdmc_unlink
0010736c 00000108 t sdmc_stat
00107474 00000198 t sdmc_open
0010760c 00000014 t sdmc_fchmod
00107620 00000168 T sdmcInit
00107788 00000060 T sdmcExit
001077e8 00000028 t fsSessionForArchive.part.0
00107810 000000c4 T fsInit
001078d4 0000003c T fsExit
00107910 00000064 T fsExemptFromSession
00107974 0000005c T fsUnexemptFromSession
001079d0 000000bc T FSUSER_OpenFile
00107a8c 000000ac T FSUSER_DeleteFile
00107b38 000000e8 T FSUSER_RenameFile
00107c20 000000ac T FSUSER_DeleteDirectory
00107ccc 000000c4 T FSUSER_CreateFile
00107d90 000000b4 T FSUSER_CreateDirectory
00107e44 000000e8 T FSUSER_RenameDirectory
00107f2c 000000a0 T FSUSER_OpenDirectory
00107fcc 00000098 T FSUSER_OpenArchive
00108064 00000078 T FSUSER_CloseArchive
001080dc 00000078 T FSUSER_GetSdmcArchiveResource
00108154 00000064 T FSUSER_IsSdmcWritable
001081b8 0000005c T FSFILE_Read
00108214 00000064 T FSFILE_Write
00108278 00000038 T FSFILE_GetSize
001082b0 00000028 T FSFILE_SetSize
001082d8 0000003c T FSFILE_Close
00108314 00000024 T FSFILE_Flush
00108338 00000054 T FSDIR_Read
0010838c 0000003c T FSDIR_Close
001083c8 00000050 T rbtree_node_next
00108418 000000e8 T utf16_to_utf8
00108500 00000060 T decode_utf16
00108560 00000138 T decode_utf8
00108698 000000c0 T utf8_to_utf16
00108758 T __aeabi_read_tp
00108764 00000068 T encode_utf16
001087cc 00000104 T encode_utf8
001088d0 00000038 T __aeabi_d2lz
001088d0 00000038 T __fixdfdi
00108908 00000040 T __aeabi_d2ulz
00108908 00000040 T __fixunsdfdi
00108948 00000130 T __udivmoddi4
00108a78 0000007c T bsearch
00108af4 00000034 T exit
00108b28 0000003c T __libc_fini_array
00108b64 0000007c T __libc_init_array
00108be0 00000028 T memalign
00108c08 0000014c T _memalign_r
00108d54 00000020 T malloc
00108d74 00000020 T free
00108d94 000007d0 T _malloc_r
00109564 000000e0 T memchr
00109644 00000120 T memcpy
00109764 00000118 T memset
0010987c 0000000c T __malloc_lock
00109888 0000000c T __malloc_unlock
00109894 00000034 T printf
001098c8 00000260 T setvbuf
00109b28 00000074 T sscanf
00109b9c 0000003c T __sread
00109bd8 00000008 T __seofread
00109be0 00000068 T __swrite
00109c48 00000058 T __sseek
00109ca0 00000008 T __sclose
00109ca8 0000005c T strlen
00109d04 00000098 T strncat
00109d9c 000000c0 T strncpy
00109e5c 00000048 T strnlen
00109ea4 00000048 t get_arg
00109eec 00002b84 T __ssvfscanf_r
0010ca70 00000034 T __sprint_r
0010caa4 00000650 t get_arg
0010d0f8 000038e0 T _vfprintf_r
001109d8 000000d4 t __sbprintf
00110aac 00000054 T _wcrtomb_r
00110b00 00000020 T _wcsrtombs_r
00110b20 00000150 T __swsetup_r
00110c70 00000118 T __call_exitprocs
00110d88 000001a8 t quorem
00110f30 000012ac T _dtoa_r
001121dc 00000278 T __sflush_r
00112454 00000094 T _fflush_r
001124e8 00000078 t std
00112560 0000000c T _cleanup_r
0011256c 0000008c T __sinit
001125f8 0000000c T __sfp_lock_acquire
00112604 0000000c T __sfp_lock_release
00112610 000000f8 T _malloc_trim_r
00112708 000002e8 T _free_r
001129f0 000004a4 T __sfvwrite_r
00112e94 00000070 T _fwalk_reent
00112f04 00000008 T iswspace
00112f0c 0000000c T _localeconv_r
00112f18 00000010 T __locale_mb_cur_max
00112f28 00000094 T __swhatbuf_r
00112fbc 000000f8 T __smakebuf_r
001130b4 00000060 T _mbrtowc_r
00113114 000002fc T __utf8_mbtowc
00113410 00000154 T memmove
00113564 00000088 T _Balloc
001135ec 0000001c T _Bfree
00113608 000000d0 T __multadd
001136d8 000000ec T __s2b
001137c4 00000058 T __hi0bits
0011381c 0000009c T __lo0bits
001138b8 00000020 T __i2b
001138d8 000001e0 T __multiply
00113ab8 00000100 T __pow5mult
00113bb8 00000114 T __lshift
00113ccc 00000058 T __mcmp
00113d24 00000190 T __mdiff
00113eb4 00000088 T __ulp
00113f3c 000000d4 T __b2d
00114010 00000104 T __d2b
00114114 00000084 T __ratio
00114198 0000006c T __copybits
00114204 0000005c T __any_on
00114260 00000028 T realloc
00114288 000004bc T _realloc_r
00114744 000000e8 T __sccl
0011482c 0000000c T nanf
00114838 000000a8 T frexp
001148e0 00000064 T sprintf
00114944 000000b8 T stpncpy
001149fc 00000144 T strchr
00114b40 000000ec T strncmp
00114c2c 00000054 t sulp
00114c80 00001414 T _strtod_l
00116094 0000000c T _strtod_r
001160a0 0000023c t _strtoll_l.isra.0
001162dc 00000004 T _strtoll_r
001162e0 000001b4 t _strtol_l.isra.0
00116494 00000004 T _strtol_r
00116498 0000024c t _strtoull_l.isra.0
001166e4 00000004 T _strtoull_r
001166e8 000001c8 t _strtoul_l.isra.0
001168b0 00000004 T _strtoul_r
001168b4 00000188 T __ssprint_r
00116a3c 000000e0 T _sungetc_r
00116b1c 0000006c T __ssrefill_r
00116b88 000000c8 T _sfread_r
00116c50 00000650 t get_arg
001172a0 00003814 T _svfprintf_r
0011aab4 000000a8 T __submore
0011ab5c 00000190 T _wcsnrtombs_l
0011acec 00000048 T _wcsnrtombs_r
0011ad34 000000f0 T __utf8_wctomb
0011ae24 00000094 T _calloc_r
0011aeb8 00000160 T _fclose_r
0011b018 000000ec t rshift
0011b104 00000828 T __gethex
0011b92c 00000060 T __match
0011b98c 0000028c T __hexnan
0011bc18 0000003c T iswspace_l
0011bc54 000001e0 t __jp2uc
0011be34 00000094 T _jp2uc_l
0011bec8 00000010 T nan
0011bed8 00000088 T category
0011bf60 00000008 t null_write
0011bf68 00000018 T setDefaultDevice
0011bf80 000000c8 T FindDevice
0011c048 00000028 T RemoveDevice
0011c070 0000009c T AddDevice
0011c10c 00000078 T _fstat_r
0011c184 00000008 T _isatty_r
0011c18c 00000084 T _lseek_r
0011c210 00000080 T _read_r
0011c290 00000078 T _sbrk_r
0011c308 00000080 T _write_r
0011c388 00000024 T _exit
0011c3ac 000001bc T _concatenate_path
0011c568 0000015c T chdir
0011c6c4 00000008 T __flockfile
0011c6cc 00000008 T __funlockfile
0011c6d4 00000018 T __libc_lock_acquire
0011c6ec 00000018 T __libc_lock_release
0011c704 00000018 T __libc_lock_init_recursive
0011c71c 00000018 T __libc_lock_acquire_recursive
0011c734 00000018 T __libc_lock_release_recursive
0011c74c 00000018 T __libc_lock_close_recursive
0011c764 0000003c T __get_handle
0011c7a0 000000f8 T _close_r
0011c898 00000028 T __getreent
0011c8c0 00000044 T strrchr
0011c904 T _fini
0011d000 R default_font_bin
0011d800 R default_font_bin_end
0011d800 R default_font_bin_size
0011d8f4 00000030 r colorTable
0011d924 00000070 r dotab_stdout
0011d994 00000014 r CSWTCH.62
0011d9a8 00000008 r framebufferInfoSt
0011da18 00000030 r error_table
0011da50 00000004 R _global_impure_ptr
0011da5c 00000022 r basefix.8820
0011dabc 00000010 r blanks.8791
0011dacc 00000010 r zeroes.8792
0011dadc 00000101 R _ctype_
0011dbf0 r .LC2
0011dc40 00000028 R __mprec_bigtens
0011dc68 000000c8 R __mprec_tens
0011dd30 0000000c r p05.7510
0011dd4c 00000014 r fpi.7590
0011dd60 00000014 r fpinan.7626
0011dd78 00000028 r tinytens
0011dda0 0000006c R __action_table
0011de0c 00000100 R __chclass
0011df0c 0000006c R __state_table
0011df78 00000010 r blanks.8776
0011df88 00000010 r zeroes.8777
0011df98 00000100 R __hexdig
0011e0ac 000000bc r a1
0011e168 000000bc r a2
0011e224 0000005b r a3
0011e280 00000070 r a6
0011e2f0 000000a2 r a7
0011e394 00000040 r a8
0011e3d4 0000172a r b02cf
0011fb00 00001a7c r d02f4
0012157c 0000000c R _C_numeric_locale
00121588 0000309c r categories
0012462c 00000070 R dotab_stdnull
0012469c r 
0012469c R __exidx_end
0012469c R __exidx_start
00125000 W __stacksize__
00125004 00000004 D currentConsole
00125008 0000004c D defaultConsole
00125054 00000001 d firstConsoleInit.8429
00125055 00000001 d botFormat
00125058 00000008 d doubleBuf
00125060 00000001 d topFormat
00125064 00000004 d gspLastEvent
00125068 00000004 d aptFlags
0012506c 00000001 d aptHomeAllowed
00125070 00000004 V __ctru_linear_heap_size
00125074 00000401 d __cwd
00125478 00000070 d sdmc_devoptab
001254e8 00000004 D _impure_ptr
001254f0 00000460 d impure_data
00125950 00000408 D __malloc_av_
00125d58 00000004 D __malloc_sbrk_base
00125d5c 00000004 D __malloc_trim_threshold
00125d60 0000000c d __malloc_recursive_mutex
00125d6c 0000000c D __atexit_recursive_mutex
00125d78 0000000c d __sfp_recursive_mutex
00125d84 0000000c d __sinit_recursive_mutex
00125d90 0000016c D __global_locale
00125efc 00000002 d numempty
00125f00 00000004 d defaultDevice
00125f04 0000008c D devoptab_list
00125f90 00000400 d _current_working_directory
00126390 00000004 d __hndl_lock
00126394 0000000c d __stderr_handle
001263a0 0000000c d __stdin_handle
001263ac 0000000c d __stdout_handle
001263b8 00001000 d handles
001273b8 t __frame_dummy_init_array_entry
001273b8 T __init_array_start
001273b8 B __preinit_array_end
001273b8 B __preinit_array_start
001273b8 D __tdata_lma
001273b8 D __tdata_lma_end
001273b8 D __TMC_END__
001273b8 d __TMC_LIST__
001273bc t __do_global_dtors_aux_fini_array_entry
001273bc T __fini_array_start
001273bc T __init_array_end
001273c0 T __bss_start__
001273c0 T __fini_array_end
001273c0 b saved_stack
001273c8 b completed.10434
001273cc b object.10439
001273e4 00000002 b currentBuffer
001273e6 00000001 b enable3d
001273e8 00000004 b screenAlloc
001273ec 00000004 b screenFree
001273f0 00000004 b gspEvent
001273f4 0000001c b gspEventCb
00127410 0000001c b gspEventCbData
0012742c 00000007 b gspEventCbOneShot
00127434 0000001c b gspEventCounts
00127450 00000004 b gspEventData
00127454 00000004 b gspEventThread
00127458 00000038 b gspEvents
00127490 00000004 b gspRefCount
00127494 00000001 b gspRunEvents
00127495 00000001 b aptChainloadMediatype
00127498 00000008 b aptChainloadTid
001274a0 00000004 b aptEventHandlerThread
001274a4 0000000c b aptEvents
001274b0 0000000c b aptFirstHook
001274bc 00000001 b aptHomeButtonState
001274c0 00000004 b aptLockHandle
001274c4 00000004 b aptMessageFunc
001274c8 00000004 b aptMessageFuncData
001274cc 00001000 b aptParameters
001284cc 00000001 b aptRecentHomeButtonState
001284d0 00000004 b aptRefCount
001284d4 00000008 b aptSleepEvent
001284dc 00000001 b flagInit.8300
001284dd 00000001 b flagValue.8301
001284e0 00000004 b serviceName.7930
001284e4 00000006 b aVec
001284ec 00000004 b cPos
001284f0 00000006 b gRate
001284f8 00000004 b hidRefCount
001284fc 00000004 b kDown
00128500 00000004 b kHeld
00128504 00000004 b kOld
00128508 00000004 b kUp
0012850c 00000004 b tPos
00128510 00000004 V __ctru_heap_size
00128514 0000000c b sAddrMap
00128520 00000008 b sVramPool
00128528 00000008 b sMappablePool
00128530 0000000c b sAddrMap
0012853c 00000008 b sLinearPool
00128544 0000000c b sAddrMap
00128550 00000004 b arbiter
00128554 00000001 V __ctru_speedup
00128558 00000004 b srvHandle
0012855c 00000004 b srvRefCount
00128560 00000004 b csPos
00128564 00000004 b irrstRefCount
00128568 00000004 b kHeld
0012856c 00000004 b srvPmHandle
00128570 00000004 b ptmSysmHandle
00128574 00000004 b ptmSysmRefCount
00128578 00000008 b sdmcArchive
00128580 00000001 b sdmcInitialised
00128588 00000080 b fsExemptArchives
00128608 00000004 b fsuHandle
0012860c 00000004 b fsuRefCount
00128610 00000028 B __malloc_current_mallinfo
00128638 00000004 B __malloc_max_sbrked_mem
0012863c 00000004 B __malloc_max_total_mem
00128640 00000004 B __malloc_top_pad
00128644 00000004 b heap_start.7420
00128648 00000004 B fake_heap_end
0012864c 00000004 B fake_heap_start
00128650 00000400 b temp_cwd
00128a50 00000048 B __syscalls
00128a98 0000004c B currentCopy
00128ae4 00000008 B gfxBottomFramebuffers
00128aec 00000004 B gspSharedMemHandle
00128af0 0000001c B bottomFramebufferInfo
00128b0c 00000004 B gspEvent
00128b10 00000008 B gfxTopLeftFramebuffers
00128b18 00000008 B gfxTopRightFramebuffers
00128b20 0000001c B topFramebufferInfo
00128b3c 00000001 B gfxThreadID
00128b40 00000004 B gfxSharedMemory
00128b44 00000004 B gfxTopFramebufferMaxSize
00128b48 00000004 B gfxBottomFramebufferMaxSize
00128b4c 00000004 B gxCmdBuf
00128b50 00000004 B gspGpuHandle
00128b54 00000004 B hidMemHandle
00128b58 00000004 B hidHandle
00128b5c 00000004 B hidSharedMem
00128b60 00000014 B hidEvents
00128b74 00000004 B __system_retAddr
00128b78 00000004 B __ctru_linear_heap
00128b7c 00000004 B __ctru_heap
00128b80 00000004 B __system_argv
00128b84 00000004 B __system_argc
00128b88 00000004 B irrstHandle
00128b8c 00000004 B irrstEvent
00128b90 00000004 B irrstMemHandle
00128b94 00000004 B irrstSharedMem
00128b98 B __tls_start
00129fa4 B __bss_end__
00129fa4 A __end__
00129fa4 B __tls_end
